<?xml version="1.0" encoding="UTF-8"?>
<testsuite name="com.tshepo.SPRING.BOOT.PART1.SpringBootPart1ApplicationTests" tests="1" skipped="0" failures="0" errors="0" timestamp="2020-07-31T02:31:08" hostname="admin1-ThinkCentre-M72e" time="0.549">
  <properties/>
  <testcase name="contextLoads()" classname="com.tshepo.SPRING.BOOT.PART1.SpringBootPart1ApplicationTests" time="0.549"/>
  <system-out><![CDATA[04:31:04.117 [Test worker] DEBUG org.springframework.test.context.BootstrapUtils - Instantiating CacheAwareContextLoaderDelegate from class [org.springframework.test.context.cache.DefaultCacheAwareContextLoaderDelegate]
04:31:04.163 [Test worker] DEBUG org.springframework.test.context.BootstrapUtils - Instantiating BootstrapContext using constructor [public org.springframework.test.context.support.DefaultBootstrapContext(java.lang.Class,org.springframework.test.context.CacheAwareContextLoaderDelegate)]
04:31:04.328 [Test worker] DEBUG org.springframework.test.context.BootstrapUtils - Instantiating TestContextBootstrapper for test class [com.tshepo.SPRING.BOOT.PART1.SpringBootPart1ApplicationTests] from class [org.springframework.boot.test.context.SpringBootTestContextBootstrapper]
04:31:04.395 [Test worker] INFO org.springframework.boot.test.context.SpringBootTestContextBootstrapper - Neither @ContextConfiguration nor @ContextHierarchy found for test class [com.tshepo.SPRING.BOOT.PART1.SpringBootPart1ApplicationTests], using SpringBootContextLoader
04:31:04.414 [Test worker] DEBUG org.springframework.test.context.support.AbstractContextLoader - Did not detect default resource location for test class [com.tshepo.SPRING.BOOT.PART1.SpringBootPart1ApplicationTests]: class path resource [com/tshepo/SPRING/BOOT/PART1/SpringBootPart1ApplicationTests-context.xml] does not exist
04:31:04.415 [Test worker] DEBUG org.springframework.test.context.support.AbstractContextLoader - Did not detect default resource location for test class [com.tshepo.SPRING.BOOT.PART1.SpringBootPart1ApplicationTests]: class path resource [com/tshepo/SPRING/BOOT/PART1/SpringBootPart1ApplicationTestsContext.groovy] does not exist
04:31:04.418 [Test worker] INFO org.springframework.test.context.support.AbstractContextLoader - Could not detect default resource locations for test class [com.tshepo.SPRING.BOOT.PART1.SpringBootPart1ApplicationTests]: no resource found for suffixes {-context.xml, Context.groovy}.
04:31:04.532 [Test worker] DEBUG org.springframework.test.context.support.ActiveProfilesUtils - Could not find an 'annotation declaring class' for annotation type [org.springframework.test.context.ActiveProfiles] and class [com.tshepo.SPRING.BOOT.PART1.SpringBootPart1ApplicationTests]
04:31:04.791 [Test worker] DEBUG org.springframework.boot.test.context.SpringBootTestContextBootstrapper - @TestExecutionListeners is not present for class [com.tshepo.SPRING.BOOT.PART1.SpringBootPart1ApplicationTests]: using defaults.
04:31:04.793 [Test worker] INFO org.springframework.boot.test.context.SpringBootTestContextBootstrapper - Loaded default TestExecutionListener class names from location [META-INF/spring.factories]: [org.springframework.boot.test.autoconfigure.restdocs.RestDocsTestExecutionListener, org.springframework.boot.test.autoconfigure.web.client.MockRestServiceServerResetTestExecutionListener, org.springframework.boot.test.autoconfigure.web.servlet.MockMvcPrintOnlyOnFailureTestExecutionListener, org.springframework.boot.test.autoconfigure.web.servlet.WebDriverTestExecutionListener, org.springframework.boot.test.mock.mockito.MockitoTestExecutionListener, org.springframework.boot.test.mock.mockito.ResetMocksTestExecutionListener, org.springframework.test.context.web.ServletTestExecutionListener, org.springframework.test.context.support.DirtiesContextBeforeModesTestExecutionListener, org.springframework.test.context.support.DependencyInjectionTestExecutionListener, org.springframework.test.context.support.DirtiesContextTestExecutionListener, org.springframework.test.context.transaction.TransactionalTestExecutionListener, org.springframework.test.context.jdbc.SqlScriptsTestExecutionListener, org.springframework.test.context.event.EventPublishingTestExecutionListener]
04:31:04.816 [Test worker] DEBUG org.springframework.boot.test.context.SpringBootTestContextBootstrapper - Skipping candidate TestExecutionListener [org.springframework.test.context.transaction.TransactionalTestExecutionListener] due to a missing dependency. Specify custom listener classes or make the default listener classes and their required dependencies available. Offending class: [org/springframework/transaction/interceptor/TransactionAttributeSource]
04:31:04.817 [Test worker] DEBUG org.springframework.boot.test.context.SpringBootTestContextBootstrapper - Skipping candidate TestExecutionListener [org.springframework.test.context.jdbc.SqlScriptsTestExecutionListener] due to a missing dependency. Specify custom listener classes or make the default listener classes and their required dependencies available. Offending class: [org/springframework/transaction/interceptor/TransactionAttribute]
04:31:04.818 [Test worker] INFO org.springframework.boot.test.context.SpringBootTestContextBootstrapper - Using TestExecutionListeners: [org.springframework.test.context.web.ServletTestExecutionListener@7063398d, org.springframework.test.context.support.DirtiesContextBeforeModesTestExecutionListener@e8572d, org.springframework.boot.test.mock.mockito.MockitoTestExecutionListener@6b57df6e, org.springframework.boot.test.autoconfigure.SpringBootDependencyInjectionTestExecutionListener@d10ce6a, org.springframework.test.context.support.DirtiesContextTestExecutionListener@64563114, org.springframework.test.context.event.EventPublishingTestExecutionListener@2645438c, org.springframework.boot.test.autoconfigure.restdocs.RestDocsTestExecutionListener@73bc5485, org.springframework.boot.test.autoconfigure.web.client.MockRestServiceServerResetTestExecutionListener@7854b706, org.springframework.boot.test.autoconfigure.web.servlet.MockMvcPrintOnlyOnFailureTestExecutionListener@2ddff789, org.springframework.boot.test.autoconfigure.web.servlet.WebDriverTestExecutionListener@210a889d, org.springframework.boot.test.mock.mockito.ResetMocksTestExecutionListener@3003f845]
04:31:04.825 [Test worker] DEBUG org.springframework.test.context.support.AbstractDirtiesContextTestExecutionListener - Before test class: context [DefaultTestContext@5d2e9f50 testClass = SpringBootPart1ApplicationTests, testInstance = [null], testMethod = [null], testException = [null], mergedContextConfiguration = [WebMergedContextConfiguration@1b7c8bfb testClass = SpringBootPart1ApplicationTests, locations = '{}', classes = '{class com.tshepo.SPRING.BOOT.PART1.Application, class com.tshepo.SPRING.BOOT.PART1.Application}', contextInitializerClasses = '[]', activeProfiles = '{}', propertySourceLocations = '{}', propertySourceProperties = '{org.springframework.boot.test.context.SpringBootTestContextBootstrapper=true}', contextCustomizers = set[org.springframework.boot.test.autoconfigure.properties.PropertyMappingContextCustomizer@0, org.springframework.boot.test.autoconfigure.web.servlet.WebDriverContextCustomizerFactory$Customizer@627c8c60, org.springframework.boot.test.context.filter.ExcludeFilterContextCustomizer@7931a1da, org.springframework.boot.test.json.DuplicateJsonObjectContextCustomizerFactory$DuplicateJsonObjectContextCustomizer@6428c16a, org.springframework.boot.test.mock.mockito.MockitoContextCustomizer@0, org.springframework.boot.test.web.client.TestRestTemplateContextCustomizer@76d7622e], resourceBasePath = 'src/main/webapp', contextLoader = 'org.springframework.boot.test.context.SpringBootContextLoader', parent = [null]], attributes = map['org.springframework.test.context.web.ServletTestExecutionListener.activateListener' -> true]], class annotated with @DirtiesContext [false] with mode [null].
04:31:04.956 [Test worker] DEBUG org.springframework.test.context.support.TestPropertySourceUtils - Adding inlined properties to environment: {spring.jmx.enabled=false, org.springframework.boot.test.context.SpringBootTestContextBootstrapper=true, server.port=-1}

  .   ____          _            __ _ _
 /\\ / ___'_ __ _ _(_)_ __  __ _ \ \ \ \
( ( )\___ | '_ | '_| | '_ \/ _` | \ \ \ \
 \\/  ___)| |_)| | | | | || (_| |  ) ) ) )
  '  |____| .__|_| |_|_| |_\__, | / / / /
 =========|_|==============|___/=/_/_/_/
 :: Spring Boot ::        (v2.2.0.RELEASE)

2020-07-31 04:31:05.573  INFO 17157 --- [    Test worker] .t.S.B.P.SpringBootPart1ApplicationTests : Starting SpringBootPart1ApplicationTests on admin1-ThinkCentre-M72e with PID 17157 (started by recruit in /home/recruit/Desktop/GitRepos/SpringBoot-Part1)
2020-07-31 04:31:05.576  INFO 17157 --- [    Test worker] .t.S.B.P.SpringBootPart1ApplicationTests : No active profile set, falling back to default profiles: default
2020-07-31 04:31:08.296  INFO 17157 --- [    Test worker] o.s.s.concurrent.ThreadPoolTaskExecutor  : Initializing ExecutorService 'applicationTaskExecutor'
2020-07-31 04:31:08.722  INFO 17157 --- [    Test worker] .t.S.B.P.SpringBootPart1ApplicationTests : Started SpringBootPart1ApplicationTests in 3.73 seconds (JVM running for 6.297)
Dazy added
Ward removed
Hello Fitz Simons
]]></system-out>
  <system-err><![CDATA[]]></system-err>
</testsuite>
