<?xml version="1.0" encoding="UTF-8"?>
<testsuite name="com.tshepo.SPRING.BOOT.PART1.SpringBootPart1ApplicationTests" tests="4" skipped="0" failures="0" errors="0" timestamp="2020-07-06T15:10:45" hostname="admin1-ThinkCentre-M72e" time="0.098">
  <properties/>
  <testcase name="UserTest()" classname="com.tshepo.SPRING.BOOT.PART1.SpringBootPart1ApplicationTests" time="0.086"/>
  <testcase name="testInsertUser()" classname="com.tshepo.SPRING.BOOT.PART1.SpringBootPart1ApplicationTests" time="0.001"/>
  <testcase name="contextLoads()" classname="com.tshepo.SPRING.BOOT.PART1.SpringBootPart1ApplicationTests" time="0.002"/>
  <testcase name="deleteUserTest()" classname="com.tshepo.SPRING.BOOT.PART1.SpringBootPart1ApplicationTests" time="0.003"/>
  <system-out><![CDATA[]]></system-out>
  <system-err><![CDATA[]]></system-err>
</testsuite>
